c:\users\user\source\repos\sfml\clickergame\clickergame\debug\vc143.pdb
c:\users\user\source\repos\sfml\clickergame\clickergame\debug\vc143.idb
c:\users\user\source\repos\sfml\clickergame\clickergame\debug\upgrades.obj
c:\users\user\source\repos\sfml\clickergame\clickergame\debug\powerup.obj
c:\users\user\source\repos\sfml\clickergame\clickergame\debug\playerhud.obj
c:\users\user\source\repos\sfml\clickergame\clickergame\debug\main.obj
c:\users\user\source\repos\sfml\clickergame\clickergame\debug\lab.obj
c:\users\user\source\repos\sfml\clickergame\clickergame\debug\grandma.obj
c:\users\user\source\repos\sfml\clickergame\clickergame\debug\cursorupgrades.obj
c:\users\user\source\repos\sfml\clickergame\clickergame\debug\cursor.obj
c:\users\user\source\repos\sfml\clickergame\clickergame\debug\clickobject.obj
c:\users\user\source\repos\sfml\clickergame\clickergame\debug\appletree.obj
c:\users\user\source\repos\sfml\clickergame\debug\clickergame.exe
c:\users\user\source\repos\sfml\clickergame\debug\clickergame.pdb
c:\users\user\source\repos\sfml\clickergame\clickergame\debug\clickergame.ilk
c:\users\user\source\repos\sfml\clickergame\clickergame\debug\clickergame.tlog\cl.command.1.tlog
c:\users\user\source\repos\sfml\clickergame\clickergame\debug\clickergame.tlog\cl.items.tlog
c:\users\user\source\repos\sfml\clickergame\clickergame\debug\clickergame.tlog\cl.read.1.tlog
c:\users\user\source\repos\sfml\clickergame\clickergame\debug\clickergame.tlog\cl.write.1.tlog
c:\users\user\source\repos\sfml\clickergame\clickergame\debug\clickergame.tlog\link.command.1.tlog
c:\users\user\source\repos\sfml\clickergame\clickergame\debug\clickergame.tlog\link.read.1.tlog
c:\users\user\source\repos\sfml\clickergame\clickergame\debug\clickergame.tlog\link.secondary.1.tlog
c:\users\user\source\repos\sfml\clickergame\clickergame\debug\clickergame.tlog\link.write.1.tlog
